New log file opened at Sat Nov 21 17:18:56 CET 2015 by 7708@Gabry-PC
Sending msg to client play-fork-run-25514aa8-98a0-41ef-8b5c-994c592c1826: DetachedLogEvent(LogMessage(debug,sbt server socket logs are in: C:\Users\Gabry147\OpenDataDashboard\.sbtserver\connections\master.log))
Sending msg to client play-fork-run-25514aa8-98a0-41ef-8b5c-994c592c1826: DetachedLogEvent(LogMessage(debug,sbt general server logs are in: C:\Users\Gabry147\OpenDataDashboard\.sbtserver\master.log))
Sending msg to client play-fork-run-25514aa8-98a0-41ef-8b5c-994c592c1826: DetachedLogEvent(LogMessage(debug,sbt client logs are in: C:\Users\Gabry147\OpenDataDashboard\.sbtserver\connections\play-fork-run-25514aa8-98a0-41ef-8b5c-994c592c1826.log))
Reading next message from client.
Got request: DaemonRequest(true)
Reading next message from client.
Sending msg to client play-fork-run-25514aa8-98a0-41ef-8b5c-994c592c1826: (3,ReceivedResponse())
Got request: ListenToEvents()
Reading next message from client.
Sending msg to client play-fork-run-25514aa8-98a0-41ef-8b5c-994c592c1826: BackgroundJobStarted(12,BackgroundJobInfo(2,backgroundRun,AttributeKey[sbt.BackgroundJobHandle]("backgroundRun") in Scope(Build: file:/C:/Users/Gabry147/OpenDataDashboard/, , Project: ProjectReference(file:/C:/Users/Gabry147/OpenDataDashboard/,root), Config: compile)))
Sending msg to client play-fork-run-25514aa8-98a0-41ef-8b5c-994c592c1826: (4,ReceivedResponse())
Got request: KeyLookupRequest(root/playForkConfig)
Reading next message from client.
Sending msg to client play-fork-run-25514aa8-98a0-41ef-8b5c-994c592c1826: (5,KeyLookupResponse(root/playForkConfig,Vector(AttributeKey[play.forkrun.protocol.ForkConfig]("playForkConfig") in Scope(Build: file:/C:/Users/Gabry147/OpenDataDashboard/, , Project: ProjectReference(file:/C:/Users/Gabry147/OpenDataDashboard/,root)))))
Got request: ListenToValue(AttributeKey[play.forkrun.protocol.ForkConfig]("playForkConfig") in Scope(Build: file:/C:/Users/Gabry147/OpenDataDashboard/, , Project: ProjectReference(file:/C:/Users/Gabry147/OpenDataDashboard/,root)))
Reading next message from client.
Sending msg to client play-fork-run-25514aa8-98a0-41ef-8b5c-994c592c1826: (6,ReceivedResponse())
Got request: KeyExecutionRequest(AttributeKey[play.forkrun.protocol.ForkConfig]("playForkConfig") in Scope(Build: file:/C:/Users/Gabry147/OpenDataDashboard/, , Project: ProjectReference(file:/C:/Users/Gabry147/OpenDataDashboard/,root)))
Reading next message from client.
Sending msg to client play-fork-run-25514aa8-98a0-41ef-8b5c-994c592c1826: (7,ExecutionRequestReceived(13))
Sending msg to client play-fork-run-25514aa8-98a0-41ef-8b5c-994c592c1826: ExecutionWaiting(13,{file:/C:/Users/Gabry147/OpenDataDashboard/}root/*:playForkConfig,ClientInfo(25514aa8-98a0-41ef-8b5c-994c592c1826,play-fork-run,Play Fork Run,1,Vector()))
Sending msg to client play-fork-run-25514aa8-98a0-41ef-8b5c-994c592c1826: ExecutionStarting(13)
Sending msg to client play-fork-run-25514aa8-98a0-41ef-8b5c-994c592c1826: DetachedLogEvent(LogMessage(debug,> {file:/C:/Users/Gabry147/OpenDataDashboard/}root/*:playForkConfig))
Sending msg to client play-fork-run-25514aa8-98a0-41ef-8b5c-994c592c1826: DetachedLogEvent(LogMessage(debug,Evaluating tasks: *:playForkConfig))
Sending msg to client play-fork-run-25514aa8-98a0-41ef-8b5c-994c592c1826: DetachedLogEvent(LogMessage(debug,Running task... Cancel: sbt.server.ServerTaskCancellation@ab4023, check cycles: false))
Sending msg to client play-fork-run-25514aa8-98a0-41ef-8b5c-994c592c1826: DetachedLogEvent(LogMessage(debug,cancel strategy start enabled=true lastCommand=Some(LastCommand(CommandExecutionWork(ExecutionId(13),{file:/C:/Users/Gabry147/OpenDataDashboard/}root/*:playForkConfig,Set(LiveClient(play-fork-run 25514aa8-98a0-41ef-8b5c-994c592c1826)),sbt.server.WorkCancellationStatus$$anon$1@1de8a4)))))
Sending msg to client play-fork-run-25514aa8-98a0-41ef-8b5c-994c592c1826: TaskStarted(13,998,Some(AttributeKey[scala.collection.Seq[java.lang.String]]("javaOptions") in Scope(Global)))
Sending msg to client play-fork-run-25514aa8-98a0-41ef-8b5c-994c592c1826: TaskStarted(13,1002,None)
Sending msg to client play-fork-run-25514aa8-98a0-41ef-8b5c-994c592c1826: TaskStarted(13,1004,None)
Sending msg to client play-fork-run-25514aa8-98a0-41ef-8b5c-994c592c1826: TaskStarted(13,1006,Some(AttributeKey[java.lang.String]("updateCacheName") in Scope(Build: file:/C:/Users/Gabry147/OpenDataDashboard/, , Project: ProjectReference(file:/C:/Users/Gabry147/OpenDataDashboard/,root))))
Sending msg to client play-fork-run-25514aa8-98a0-41ef-8b5c-994c592c1826: TaskStarted(13,1009,Some(AttributeKey[scala.collection.Seq[sbt.Credentials]]("credentials") in Scope(Global)))
Sending msg to client play-fork-run-25514aa8-98a0-41ef-8b5c-994c592c1826: TaskStarted(13,1014,Some(AttributeKey[scala.collection.Seq[sbt.Resolver]]("externalResolvers") in Scope(Build: file:/C:/Users/Gabry147/OpenDataDashboard/, , Project: ProjectReference(file:/C:/Users/Gabry147/OpenDataDashboard/,root))))
Sending msg to client play-fork-run-25514aa8-98a0-41ef-8b5c-994c592c1826: TaskStarted(13,1020,Some(AttributeKey[scala.Option[scala.collection.Seq[sbt.Resolver]]]("bootResolvers") in Scope(Build: file:/C:/Users/Gabry147/OpenDataDashboard/, , Project: ProjectReference(file:/C:/Users/Gabry147/OpenDataDashboard/,root))))
Sending msg to client play-fork-run-25514aa8-98a0-41ef-8b5c-994c592c1826: TaskStarted(13,1025,None)
Sending msg to client play-fork-run-25514aa8-98a0-41ef-8b5c-994c592c1826: TaskStarted(13,1026,None)
Sending msg to client play-fork-run-25514aa8-98a0-41ef-8b5c-994c592c1826: TaskStarted(13,1028,None)
Sending msg to client play-fork-run-25514aa8-98a0-41ef-8b5c-994c592c1826: TaskStarted(13,1029,None)
Sending msg to client play-fork-run-25514aa8-98a0-41ef-8b5c-994c592c1826: TaskStarted(13,1030,Some(AttributeKey[boolean]("skip") in Scope(Global)))
Sending msg to client play-fork-run-25514aa8-98a0-41ef-8b5c-994c592c1826: TaskStarted(13,1045,None)
Sending msg to client play-fork-run-25514aa8-98a0-41ef-8b5c-994c592c1826: TaskStarted(13,1049,Some(AttributeKey[scala.Tuple2[java.lang.String,java.io.File]]("playPrefixAndAssets") in Scope(Build: file:/C:/Users/Gabry147/OpenDataDashboard/, , Project: ProjectReference(file:/C:/Users/Gabry147/OpenDataDashboard/,root))))
Sending msg to client play-fork-run-25514aa8-98a0-41ef-8b5c-994c592c1826: TaskFinished(13,998,Some(AttributeKey[scala.collection.Seq[java.lang.String]]("javaOptions") in Scope(Global)),true,None)
Sending msg to client play-fork-run-25514aa8-98a0-41ef-8b5c-994c592c1826: TaskFinished(13,1002,None,true,None)
Sending msg to client play-fork-run-25514aa8-98a0-41ef-8b5c-994c592c1826: TaskStarted(13,1001,None)
Sending msg to client play-fork-run-25514aa8-98a0-41ef-8b5c-994c592c1826: TaskStarted(13,1010,None)
Sending msg to client play-fork-run-25514aa8-98a0-41ef-8b5c-994c592c1826: TaskStarted(13,1012,None)
Sending msg to client play-fork-run-25514aa8-98a0-41ef-8b5c-994c592c1826: TaskStarted(13,1017,None)
Sending msg to client play-fork-run-25514aa8-98a0-41ef-8b5c-994c592c1826: TaskStarted(13,1033,None)
Sending msg to client play-fork-run-25514aa8-98a0-41ef-8b5c-994c592c1826: TaskStarted(13,1038,None)
Sending msg to client play-fork-run-25514aa8-98a0-41ef-8b5c-994c592c1826: TaskStarted(13,1046,None)
Sending msg to client play-fork-run-25514aa8-98a0-41ef-8b5c-994c592c1826: TaskStarted(13,1047,None)
Sending msg to client play-fork-run-25514aa8-98a0-41ef-8b5c-994c592c1826: TaskFinished(13,1014,Some(AttributeKey[scala.collection.Seq[sbt.Resolver]]("externalResolvers") in Scope(Build: file:/C:/Users/Gabry147/OpenDataDashboard/, , Project: ProjectReference(file:/C:/Users/Gabry147/OpenDataDashboard/,root))),true,None)
Sending msg to client play-fork-run-25514aa8-98a0-41ef-8b5c-994c592c1826: TaskFinished(13,1020,Some(AttributeKey[scala.Option[scala.collection.Seq[sbt.Resolver]]]("bootResolvers") in Scope(Build: file:/C:/Users/Gabry147/OpenDataDashboard/, , Project: ProjectReference(file:/C:/Users/Gabry147/OpenDataDashboard/,root))),true,None)
Sending msg to client play-fork-run-25514aa8-98a0-41ef-8b5c-994c592c1826: TaskFinished(13,1025,None,true,None)
Sending msg to client play-fork-run-25514aa8-98a0-41ef-8b5c-994c592c1826: TaskFinished(13,1026,None,true,None)
Sending msg to client play-fork-run-25514aa8-98a0-41ef-8b5c-994c592c1826: TaskStarted(13,1024,Some(AttributeKey[scala.collection.Seq[sbt.UpdateReport]]("transitiveUpdate") in Scope(Build: file:/C:/Users/Gabry147/OpenDataDashboard/, , Project: ProjectReference(file:/C:/Users/Gabry147/OpenDataDashboard/,root))))
Sending msg to client play-fork-run-25514aa8-98a0-41ef-8b5c-994c592c1826: TaskFinished(13,1028,None,true,None)
Sending msg to client play-fork-run-25514aa8-98a0-41ef-8b5c-994c592c1826: TaskFinished(13,1029,None,true,None)
Sending msg to client play-fork-run-25514aa8-98a0-41ef-8b5c-994c592c1826: TaskFinished(13,1030,Some(AttributeKey[boolean]("skip") in Scope(Global)),true,None)
Sending msg to client play-fork-run-25514aa8-98a0-41ef-8b5c-994c592c1826: TaskFinished(13,1004,None,true,None)
Sending msg to client play-fork-run-25514aa8-98a0-41ef-8b5c-994c592c1826: TaskStarted(13,1005,Some(AttributeKey[java.io.File]("dependencyCacheDirectory") in Scope(Build: file:/C:/Users/Gabry147/OpenDataDashboard/, , Project: ProjectReference(file:/C:/Users/Gabry147/OpenDataDashboard/,root))))
Sending msg to client play-fork-run-25514aa8-98a0-41ef-8b5c-994c592c1826: TaskStarted(13,1019,Some(AttributeKey[sbt.BuildStructure]("buildStructure") in Scope(Global)))
Sending msg to client play-fork-run-25514aa8-98a0-41ef-8b5c-994c592c1826: TaskStarted(13,1034,Some(AttributeKey[scala.collection.Seq[java.lang.String]]("playMonitoredFiles") in Scope(Build: file:/C:/Users/Gabry147/OpenDataDashboard/, , Project: ProjectReference(file:/C:/Users/Gabry147/OpenDataDashboard/,root))))
Sending msg to client play-fork-run-25514aa8-98a0-41ef-8b5c-994c592c1826: TaskFinished(13,1006,Some(AttributeKey[java.lang.String]("updateCacheName") in Scope(Build: file:/C:/Users/Gabry147/OpenDataDashboard/, , Project: ProjectReference(file:/C:/Users/Gabry147/OpenDataDashboard/,root))),true,None)
Sending msg to client play-fork-run-25514aa8-98a0-41ef-8b5c-994c592c1826: TaskFinished(13,1009,Some(AttributeKey[scala.collection.Seq[sbt.Credentials]]("credentials") in Scope(Global)),true,None)
Sending msg to client play-fork-run-25514aa8-98a0-41ef-8b5c-994c592c1826: TaskFinished(13,1045,None,true,None)
Sending msg to client play-fork-run-25514aa8-98a0-41ef-8b5c-994c592c1826: TaskFinished(13,1049,Some(AttributeKey[scala.Tuple2[java.lang.String,java.io.File]]("playPrefixAndAssets") in Scope(Build: file:/C:/Users/Gabry147/OpenDataDashboard/, , Project: ProjectReference(file:/C:/Users/Gabry147/OpenDataDashboard/,root))),true,None)
Sending msg to client play-fork-run-25514aa8-98a0-41ef-8b5c-994c592c1826: TaskStarted(13,1051,None)
Sending msg to client play-fork-run-25514aa8-98a0-41ef-8b5c-994c592c1826: TaskFinished(13,1001,None,true,None)
Sending msg to client play-fork-run-25514aa8-98a0-41ef-8b5c-994c592c1826: TaskFinished(13,1010,None,true,None)
Sending msg to client play-fork-run-25514aa8-98a0-41ef-8b5c-994c592c1826: TaskFinished(13,1012,None,true,None)
Sending msg to client play-fork-run-25514aa8-98a0-41ef-8b5c-994c592c1826: TaskFinished(13,1017,None,true,None)
Sending msg to client play-fork-run-25514aa8-98a0-41ef-8b5c-994c592c1826: TaskFinished(13,1033,None,true,None)
Sending msg to client play-fork-run-25514aa8-98a0-41ef-8b5c-994c592c1826: TaskStarted(13,1032,Some(AttributeKey[scala.collection.immutable.Map[sbt.ModuleID,sbt.SourcePosition]]("dependencyPositions") in Scope(Build: file:/C:/Users/Gabry147/OpenDataDashboard/, , Project: ProjectReference(file:/C:/Users/Gabry147/OpenDataDashboard/,root))))
Sending msg to client play-fork-run-25514aa8-98a0-41ef-8b5c-994c592c1826: TaskFinished(13,1038,None,true,None)
Sending msg to client play-fork-run-25514aa8-98a0-41ef-8b5c-994c592c1826: TaskFinished(13,1046,None,true,None)
Sending msg to client play-fork-run-25514aa8-98a0-41ef-8b5c-994c592c1826: TaskFinished(13,1047,None,true,None)
Sending msg to client play-fork-run-25514aa8-98a0-41ef-8b5c-994c592c1826: TaskFinished(13,1024,Some(AttributeKey[scala.collection.Seq[sbt.UpdateReport]]("transitiveUpdate") in Scope(Build: file:/C:/Users/Gabry147/OpenDataDashboard/, , Project: ProjectReference(file:/C:/Users/Gabry147/OpenDataDashboard/,root))),true,None)
Sending msg to client play-fork-run-25514aa8-98a0-41ef-8b5c-994c592c1826: TaskFinished(13,1005,Some(AttributeKey[java.io.File]("dependencyCacheDirectory") in Scope(Build: file:/C:/Users/Gabry147/OpenDataDashboard/, , Project: ProjectReference(file:/C:/Users/Gabry147/OpenDataDashboard/,root))),true,None)
Sending msg to client play-fork-run-25514aa8-98a0-41ef-8b5c-994c592c1826: TaskFinished(13,1019,Some(AttributeKey[sbt.BuildStructure]("buildStructure") in Scope(Global)),true,None)
Sending msg to client play-fork-run-25514aa8-98a0-41ef-8b5c-994c592c1826: TaskStarted(13,1018,Some(AttributeKey[sbt.Settings[sbt.Scope]]("settingsData") in Scope(Global)))
Sending msg to client play-fork-run-25514aa8-98a0-41ef-8b5c-994c592c1826: TaskFinished(13,1034,Some(AttributeKey[scala.collection.Seq[java.lang.String]]("playMonitoredFiles") in Scope(Build: file:/C:/Users/Gabry147/OpenDataDashboard/, , Project: ProjectReference(file:/C:/Users/Gabry147/OpenDataDashboard/,root))),true,None)
Sending msg to client play-fork-run-25514aa8-98a0-41ef-8b5c-994c592c1826: TaskFinished(13,1051,None,true,None)
Sending msg to client play-fork-run-25514aa8-98a0-41ef-8b5c-994c592c1826: TaskStarted(13,1050,None)
Sending msg to client play-fork-run-25514aa8-98a0-41ef-8b5c-994c592c1826: TaskFinished(13,1032,Some(AttributeKey[scala.collection.immutable.Map[sbt.ModuleID,sbt.SourcePosition]]("dependencyPositions") in Scope(Build: file:/C:/Users/Gabry147/OpenDataDashboard/, , Project: ProjectReference(file:/C:/Users/Gabry147/OpenDataDashboard/,root))),true,None)
Sending msg to client play-fork-run-25514aa8-98a0-41ef-8b5c-994c592c1826: TaskStarted(13,1031,Some(AttributeKey[sbt.UnresolvedWarningConfiguration]("unresolvedWarningConfiguration") in Scope(Build: file:/C:/Users/Gabry147/OpenDataDashboard/, , Project: ProjectReference(file:/C:/Users/Gabry147/OpenDataDashboard/,root), Task: AttributeKey[sbt.UpdateReport]("update"))))
Sending msg to client play-fork-run-25514aa8-98a0-41ef-8b5c-994c592c1826: TaskFinished(13,1018,Some(AttributeKey[sbt.Settings[sbt.Scope]]("settingsData") in Scope(Global)),true,None)
Sending msg to client play-fork-run-25514aa8-98a0-41ef-8b5c-994c592c1826: TaskStarted(13,1016,Some(AttributeKey[scala.collection.immutable.Map[org.apache.ivy.core.module.id.ModuleRevisionId,org.apache.ivy.core.module.descriptor.ModuleDescriptor]]("projectDescriptors") in Scope(Build: file:/C:/Users/Gabry147/OpenDataDashboard/, , Project: ProjectReference(file:/C:/Users/Gabry147/OpenDataDashboard/,root))))
Sending msg to client play-fork-run-25514aa8-98a0-41ef-8b5c-994c592c1826: TaskStarted(13,1023,Some(AttributeKey[scala.collection.Seq[sbt.ModuleID]]("projectDependencies") in Scope(Build: file:/C:/Users/Gabry147/OpenDataDashboard/, , Project: ProjectReference(file:/C:/Users/Gabry147/OpenDataDashboard/,root))))
Sending msg to client play-fork-run-25514aa8-98a0-41ef-8b5c-994c592c1826: TaskStarted(13,1027,None)
Sending msg to client play-fork-run-25514aa8-98a0-41ef-8b5c-994c592c1826: TaskStarted(13,1039,None)
Sending msg to client play-fork-run-25514aa8-98a0-41ef-8b5c-994c592c1826: TaskFinished(13,1050,None,true,None)
Sending msg to client play-fork-run-25514aa8-98a0-41ef-8b5c-994c592c1826: TaskStarted(13,1048,Some(AttributeKey[scala.collection.Seq[scala.Tuple2[java.lang.String,java.io.File]]]("playAllAssets") in Scope(Build: file:/C:/Users/Gabry147/OpenDataDashboard/, , Project: ProjectReference(file:/C:/Users/Gabry147/OpenDataDashboard/,root))))
Sending msg to client play-fork-run-25514aa8-98a0-41ef-8b5c-994c592c1826: TaskFinished(13,1031,Some(AttributeKey[sbt.UnresolvedWarningConfiguration]("unresolvedWarningConfiguration") in Scope(Build: file:/C:/Users/Gabry147/OpenDataDashboard/, , Project: ProjectReference(file:/C:/Users/Gabry147/OpenDataDashboard/,root), Task: AttributeKey[sbt.UpdateReport]("update"))),true,None)
Sending msg to client play-fork-run-25514aa8-98a0-41ef-8b5c-994c592c1826: TaskStarted(13,1053,None)
Sending msg to client play-fork-run-25514aa8-98a0-41ef-8b5c-994c592c1826: TaskFinished(13,1023,Some(AttributeKey[scala.collection.Seq[sbt.ModuleID]]("projectDependencies") in Scope(Build: file:/C:/Users/Gabry147/OpenDataDashboard/, , Project: ProjectReference(file:/C:/Users/Gabry147/OpenDataDashboard/,root))),true,None)
Sending msg to client play-fork-run-25514aa8-98a0-41ef-8b5c-994c592c1826: TaskStarted(13,1022,Some(AttributeKey[scala.collection.Seq[sbt.ModuleID]]("allDependencies") in Scope(Build: file:/C:/Users/Gabry147/OpenDataDashboard/, , Project: ProjectReference(file:/C:/Users/Gabry147/OpenDataDashboard/,root))))
Sending msg to client play-fork-run-25514aa8-98a0-41ef-8b5c-994c592c1826: TaskStarted(13,1054,None)
Sending msg to client play-fork-run-25514aa8-98a0-41ef-8b5c-994c592c1826: TaskStarted(13,1058,None)
Sending msg to client play-fork-run-25514aa8-98a0-41ef-8b5c-994c592c1826: TaskStarted(13,1059,None)
Sending msg to client play-fork-run-25514aa8-98a0-41ef-8b5c-994c592c1826: TaskStarted(13,1062,None)
Sending msg to client play-fork-run-25514aa8-98a0-41ef-8b5c-994c592c1826: TaskStarted(13,1063,None)
Sending msg to client play-fork-run-25514aa8-98a0-41ef-8b5c-994c592c1826: TaskStarted(13,1065,None)
Sending msg to client play-fork-run-25514aa8-98a0-41ef-8b5c-994c592c1826: TaskFinished(13,1048,Some(AttributeKey[scala.collection.Seq[scala.Tuple2[java.lang.String,java.io.File]]]("playAllAssets") in Scope(Build: file:/C:/Users/Gabry147/OpenDataDashboard/, , Project: ProjectReference(file:/C:/Users/Gabry147/OpenDataDashboard/,root))),true,None)
Sending msg to client play-fork-run-25514aa8-98a0-41ef-8b5c-994c592c1826: TaskFinished(13,1053,None,true,None)
Sending msg to client play-fork-run-25514aa8-98a0-41ef-8b5c-994c592c1826: TaskStarted(13,1052,None)
Sending msg to client play-fork-run-25514aa8-98a0-41ef-8b5c-994c592c1826: TaskFinished(13,1022,Some(AttributeKey[scala.collection.Seq[sbt.ModuleID]]("allDependencies") in Scope(Build: file:/C:/Users/Gabry147/OpenDataDashboard/, , Project: ProjectReference(file:/C:/Users/Gabry147/OpenDataDashboard/,root))),true,None)
Sending msg to client play-fork-run-25514aa8-98a0-41ef-8b5c-994c592c1826: TaskStarted(13,1021,Some(AttributeKey[sbt.ModuleSettings]("moduleSettings") in Scope(Build: file:/C:/Users/Gabry147/OpenDataDashboard/, , Project: ProjectReference(file:/C:/Users/Gabry147/OpenDataDashboard/,root))))
Sending msg to client play-fork-run-25514aa8-98a0-41ef-8b5c-994c592c1826: TaskFinished(13,1054,None,true,None)
Sending msg to client play-fork-run-25514aa8-98a0-41ef-8b5c-994c592c1826: TaskFinished(13,1027,None,true,None)
Sending msg to client play-fork-run-25514aa8-98a0-41ef-8b5c-994c592c1826: TaskFinished(13,1058,None,true,None)
Sending msg to client play-fork-run-25514aa8-98a0-41ef-8b5c-994c592c1826: TaskFinished(13,1059,None,true,None)
Sending msg to client play-fork-run-25514aa8-98a0-41ef-8b5c-994c592c1826: TaskStarted(13,1057,Some(AttributeKey[scala.collection.Seq[sbt.Attributed[java.io.File]]]("unmanagedJars") in Scope(Build: file:/C:/Users/Gabry147/OpenDataDashboard/, , Project: ProjectReference(file:/C:/Users/Gabry147/OpenDataDashboard/,root), Config: runtime)))
Sending msg to client play-fork-run-25514aa8-98a0-41ef-8b5c-994c592c1826: TaskFinished(13,1062,None,true,None)
Sending msg to client play-fork-run-25514aa8-98a0-41ef-8b5c-994c592c1826: TaskFinished(13,1063,None,true,None)
Sending msg to client play-fork-run-25514aa8-98a0-41ef-8b5c-994c592c1826: TaskStarted(13,1061,Some(AttributeKey[scala.collection.Seq[sbt.Attributed[java.io.File]]]("unmanagedJars") in Scope(Build: file:/C:/Users/Gabry147/OpenDataDashboard/, , Project: ProjectReference(file:/C:/Users/Gabry147/OpenDataDashboard/,root), Config: compile)))
Sending msg to client play-fork-run-25514aa8-98a0-41ef-8b5c-994c592c1826: TaskFinished(13,1065,None,true,None)
Sending msg to client play-fork-run-25514aa8-98a0-41ef-8b5c-994c592c1826: TaskStarted(13,1064,None)
Sending msg to client play-fork-run-25514aa8-98a0-41ef-8b5c-994c592c1826: TaskFinished(13,1052,None,true,None)
Sending msg to client play-fork-run-25514aa8-98a0-41ef-8b5c-994c592c1826: TaskFinished(13,1016,Some(AttributeKey[scala.collection.immutable.Map[org.apache.ivy.core.module.id.ModuleRevisionId,org.apache.ivy.core.module.descriptor.ModuleDescriptor]]("projectDescriptors") in Scope(Build: file:/C:/Users/Gabry147/OpenDataDashboard/, , Project: ProjectReference(file:/C:/Users/Gabry147/OpenDataDashboard/,root))),true,None)
Sending msg to client play-fork-run-25514aa8-98a0-41ef-8b5c-994c592c1826: TaskStarted(13,1015,Some(AttributeKey[sbt.Resolver]("projectResolver") in Scope(Build: file:/C:/Users/Gabry147/OpenDataDashboard/, , Project: ProjectReference(file:/C:/Users/Gabry147/OpenDataDashboard/,root))))
Sending msg to client play-fork-run-25514aa8-98a0-41ef-8b5c-994c592c1826: TaskFinished(13,1021,Some(AttributeKey[sbt.ModuleSettings]("moduleSettings") in Scope(Build: file:/C:/Users/Gabry147/OpenDataDashboard/, , Project: ProjectReference(file:/C:/Users/Gabry147/OpenDataDashboard/,root))),true,None)
Sending msg to client play-fork-run-25514aa8-98a0-41ef-8b5c-994c592c1826: TaskFinished(13,1057,Some(AttributeKey[scala.collection.Seq[sbt.Attributed[java.io.File]]]("unmanagedJars") in Scope(Build: file:/C:/Users/Gabry147/OpenDataDashboard/, , Project: ProjectReference(file:/C:/Users/Gabry147/OpenDataDashboard/,root), Config: runtime)),true,None)
Sending msg to client play-fork-run-25514aa8-98a0-41ef-8b5c-994c592c1826: TaskFinished(13,1061,Some(AttributeKey[scala.collection.Seq[sbt.Attributed[java.io.File]]]("unmanagedJars") in Scope(Build: file:/C:/Users/Gabry147/OpenDataDashboard/, , Project: ProjectReference(file:/C:/Users/Gabry147/OpenDataDashboard/,root), Config: compile)),true,None)
Sending msg to client play-fork-run-25514aa8-98a0-41ef-8b5c-994c592c1826: TaskStarted(13,1066,None)
Sending msg to client play-fork-run-25514aa8-98a0-41ef-8b5c-994c592c1826: TaskFinished(13,1015,Some(AttributeKey[sbt.Resolver]("projectResolver") in Scope(Build: file:/C:/Users/Gabry147/OpenDataDashboard/, , Project: ProjectReference(file:/C:/Users/Gabry147/OpenDataDashboard/,root))),true,None)
Sending msg to client play-fork-run-25514aa8-98a0-41ef-8b5c-994c592c1826: TaskStarted(13,1013,Some(AttributeKey[scala.collection.Seq[sbt.Resolver]]("fullResolvers") in Scope(Build: file:/C:/Users/Gabry147/OpenDataDashboard/, , Project: ProjectReference(file:/C:/Users/Gabry147/OpenDataDashboard/,root))))
Sending msg to client play-fork-run-25514aa8-98a0-41ef-8b5c-994c592c1826: TaskFinished(13,1066,None,true,None)
Sending msg to client play-fork-run-25514aa8-98a0-41ef-8b5c-994c592c1826: TaskFinished(13,1064,None,true,None)
Sending msg to client play-fork-run-25514aa8-98a0-41ef-8b5c-994c592c1826: TaskStarted(13,1060,Some(AttributeKey[scala.collection.Seq[sbt.Attributed[java.io.File]]]("unmanagedJars") in Scope(Build: file:/C:/Users/Gabry147/OpenDataDashboard/, , Project: ProjectReference(file:/C:/Users/Gabry147/OpenDataDashboard/,root), Config: compile)))
Sending msg to client play-fork-run-25514aa8-98a0-41ef-8b5c-994c592c1826: TaskFinished(13,1013,Some(AttributeKey[scala.collection.Seq[sbt.Resolver]]("fullResolvers") in Scope(Build: file:/C:/Users/Gabry147/OpenDataDashboard/, , Project: ProjectReference(file:/C:/Users/Gabry147/OpenDataDashboard/,root))),true,None)
Sending msg to client play-fork-run-25514aa8-98a0-41ef-8b5c-994c592c1826: TaskStarted(13,1011,Some(AttributeKey[sbt.IvyConfiguration]("ivyConfiguration") in Scope(Build: file:/C:/Users/Gabry147/OpenDataDashboard/, , Project: ProjectReference(file:/C:/Users/Gabry147/OpenDataDashboard/,root))))
Sending msg to client play-fork-run-25514aa8-98a0-41ef-8b5c-994c592c1826: TaskFinished(13,1060,Some(AttributeKey[scala.collection.Seq[sbt.Attributed[java.io.File]]]("unmanagedJars") in Scope(Build: file:/C:/Users/Gabry147/OpenDataDashboard/, , Project: ProjectReference(file:/C:/Users/Gabry147/OpenDataDashboard/,root), Config: compile)),true,None)
Sending msg to client play-fork-run-25514aa8-98a0-41ef-8b5c-994c592c1826: TaskStarted(13,1056,None)
Sending msg to client play-fork-run-25514aa8-98a0-41ef-8b5c-994c592c1826: TaskFinished(13,1011,Some(AttributeKey[sbt.IvyConfiguration]("ivyConfiguration") in Scope(Build: file:/C:/Users/Gabry147/OpenDataDashboard/, , Project: ProjectReference(file:/C:/Users/Gabry147/OpenDataDashboard/,root))),true,None)
Sending msg to client play-fork-run-25514aa8-98a0-41ef-8b5c-994c592c1826: TaskStarted(13,1008,Some(AttributeKey[sbt.IvySbt]("ivySbt") in Scope(Build: file:/C:/Users/Gabry147/OpenDataDashboard/, , Project: ProjectReference(file:/C:/Users/Gabry147/OpenDataDashboard/,root))))
Sending msg to client play-fork-run-25514aa8-98a0-41ef-8b5c-994c592c1826: TaskFinished(13,1056,None,true,None)
Sending msg to client play-fork-run-25514aa8-98a0-41ef-8b5c-994c592c1826: TaskStarted(13,1055,None)
Sending msg to client play-fork-run-25514aa8-98a0-41ef-8b5c-994c592c1826: TaskFinished(13,1008,Some(AttributeKey[sbt.IvySbt]("ivySbt") in Scope(Build: file:/C:/Users/Gabry147/OpenDataDashboard/, , Project: ProjectReference(file:/C:/Users/Gabry147/OpenDataDashboard/,root))),true,None)
Sending msg to client play-fork-run-25514aa8-98a0-41ef-8b5c-994c592c1826: TaskStarted(13,1007,Some(AttributeKey[sbt.IvySbt$Module]("ivyModule") in Scope(Build: file:/C:/Users/Gabry147/OpenDataDashboard/, , Project: ProjectReference(file:/C:/Users/Gabry147/OpenDataDashboard/,root))))
Sending msg to client play-fork-run-25514aa8-98a0-41ef-8b5c-994c592c1826: TaskFinished(13,1055,None,true,None)
Sending msg to client play-fork-run-25514aa8-98a0-41ef-8b5c-994c592c1826: TaskFinished(13,1039,None,true,None)
Sending msg to client play-fork-run-25514aa8-98a0-41ef-8b5c-994c592c1826: TaskStarted(13,1037,Some(AttributeKey[scala.collection.Seq[sbt.Attributed[java.io.File]]]("unmanagedClasspath") in Scope(Build: file:/C:/Users/Gabry147/OpenDataDashboard/, , Project: ProjectReference(file:/C:/Users/Gabry147/OpenDataDashboard/,root), Config: runtime)))
Sending msg to client play-fork-run-25514aa8-98a0-41ef-8b5c-994c592c1826: TaskFinished(13,1007,Some(AttributeKey[sbt.IvySbt$Module]("ivyModule") in Scope(Build: file:/C:/Users/Gabry147/OpenDataDashboard/, , Project: ProjectReference(file:/C:/Users/Gabry147/OpenDataDashboard/,root))),true,None)
Sending msg to client play-fork-run-25514aa8-98a0-41ef-8b5c-994c592c1826: TaskStarted(13,1003,Some(AttributeKey[sbt.UpdateReport]("update") in Scope(Build: file:/C:/Users/Gabry147/OpenDataDashboard/, , Project: ProjectReference(file:/C:/Users/Gabry147/OpenDataDashboard/,root))))
Sending msg to client play-fork-run-25514aa8-98a0-41ef-8b5c-994c592c1826: TaskFinished(13,1037,Some(AttributeKey[scala.collection.Seq[sbt.Attributed[java.io.File]]]("unmanagedClasspath") in Scope(Build: file:/C:/Users/Gabry147/OpenDataDashboard/, , Project: ProjectReference(file:/C:/Users/Gabry147/OpenDataDashboard/,root), Config: runtime)),true,None)
Sending msg to client play-fork-run-25514aa8-98a0-41ef-8b5c-994c592c1826: TaskFinished(13,1003,Some(AttributeKey[sbt.UpdateReport]("update") in Scope(Build: file:/C:/Users/Gabry147/OpenDataDashboard/, , Project: ProjectReference(file:/C:/Users/Gabry147/OpenDataDashboard/,root))),true,None)
Sending msg to client play-fork-run-25514aa8-98a0-41ef-8b5c-994c592c1826: TaskStarted(13,1000,Some(AttributeKey[sbt.UpdateReport]("update") in Scope(Build: file:/C:/Users/Gabry147/OpenDataDashboard/, , Project: ProjectReference(file:/C:/Users/Gabry147/OpenDataDashboard/,root))))
Sending msg to client play-fork-run-25514aa8-98a0-41ef-8b5c-994c592c1826: TaskFinished(13,1000,Some(AttributeKey[sbt.UpdateReport]("update") in Scope(Build: file:/C:/Users/Gabry147/OpenDataDashboard/, , Project: ProjectReference(file:/C:/Users/Gabry147/OpenDataDashboard/,root))),true,None)
Sending msg to client play-fork-run-25514aa8-98a0-41ef-8b5c-994c592c1826: TaskStarted(13,999,Some(AttributeKey[scala.collection.Seq[sbt.Attributed[java.io.File]]]("managedClasspath") in Scope(Build: file:/C:/Users/Gabry147/OpenDataDashboard/, , Project: ProjectReference(file:/C:/Users/Gabry147/OpenDataDashboard/,root), Config: docs)))
Sending msg to client play-fork-run-25514aa8-98a0-41ef-8b5c-994c592c1826: TaskStarted(13,1044,Some(AttributeKey[sbt.Configuration]("classpathConfiguration") in Scope(Build: file:/C:/Users/Gabry147/OpenDataDashboard/, , Project: ProjectReference(file:/C:/Users/Gabry147/OpenDataDashboard/,root), Config: compile)))
Sending msg to client play-fork-run-25514aa8-98a0-41ef-8b5c-994c592c1826: TaskFinished(13,1044,Some(AttributeKey[sbt.Configuration]("classpathConfiguration") in Scope(Build: file:/C:/Users/Gabry147/OpenDataDashboard/, , Project: ProjectReference(file:/C:/Users/Gabry147/OpenDataDashboard/,root), Config: compile)),true,None)
Sending msg to client play-fork-run-25514aa8-98a0-41ef-8b5c-994c592c1826: TaskStarted(13,1043,None)
Sending msg to client play-fork-run-25514aa8-98a0-41ef-8b5c-994c592c1826: TaskFinished(13,1043,None,true,None)
Sending msg to client play-fork-run-25514aa8-98a0-41ef-8b5c-994c592c1826: TaskStarted(13,1042,Some(AttributeKey[sbt.Configuration]("classpathConfiguration") in Scope(Build: file:/C:/Users/Gabry147/OpenDataDashboard/, , Project: ProjectReference(file:/C:/Users/Gabry147/OpenDataDashboard/,root), Config: runtime)))
Sending msg to client play-fork-run-25514aa8-98a0-41ef-8b5c-994c592c1826: TaskFinished(13,1042,Some(AttributeKey[sbt.Configuration]("classpathConfiguration") in Scope(Build: file:/C:/Users/Gabry147/OpenDataDashboard/, , Project: ProjectReference(file:/C:/Users/Gabry147/OpenDataDashboard/,root), Config: runtime)),true,None)
Sending msg to client play-fork-run-25514aa8-98a0-41ef-8b5c-994c592c1826: TaskStarted(13,1041,None)
Sending msg to client play-fork-run-25514aa8-98a0-41ef-8b5c-994c592c1826: TaskFinished(13,999,Some(AttributeKey[scala.collection.Seq[sbt.Attributed[java.io.File]]]("managedClasspath") in Scope(Build: file:/C:/Users/Gabry147/OpenDataDashboard/, , Project: ProjectReference(file:/C:/Users/Gabry147/OpenDataDashboard/,root), Config: docs)),true,None)
Sending msg to client play-fork-run-25514aa8-98a0-41ef-8b5c-994c592c1826: TaskFinished(13,1041,None,true,None)
Sending msg to client play-fork-run-25514aa8-98a0-41ef-8b5c-994c592c1826: TaskStarted(13,1040,Some(AttributeKey[scala.collection.Seq[sbt.Attributed[java.io.File]]]("managedClasspath") in Scope(Build: file:/C:/Users/Gabry147/OpenDataDashboard/, , Project: ProjectReference(file:/C:/Users/Gabry147/OpenDataDashboard/,root), Config: runtime)))
Sending msg to client play-fork-run-25514aa8-98a0-41ef-8b5c-994c592c1826: TaskFinished(13,1040,Some(AttributeKey[scala.collection.Seq[sbt.Attributed[java.io.File]]]("managedClasspath") in Scope(Build: file:/C:/Users/Gabry147/OpenDataDashboard/, , Project: ProjectReference(file:/C:/Users/Gabry147/OpenDataDashboard/,root), Config: runtime)),true,None)
Sending msg to client play-fork-run-25514aa8-98a0-41ef-8b5c-994c592c1826: TaskStarted(13,1036,None)
Sending msg to client play-fork-run-25514aa8-98a0-41ef-8b5c-994c592c1826: TaskFinished(13,1036,None,true,None)
Sending msg to client play-fork-run-25514aa8-98a0-41ef-8b5c-994c592c1826: TaskStarted(13,1035,Some(AttributeKey[scala.collection.Seq[sbt.Attributed[java.io.File]]]("playDependencyClasspath") in Scope(Build: file:/C:/Users/Gabry147/OpenDataDashboard/, , Project: ProjectReference(file:/C:/Users/Gabry147/OpenDataDashboard/,root))))
Sending msg to client play-fork-run-25514aa8-98a0-41ef-8b5c-994c592c1826: TaskFinished(13,1035,Some(AttributeKey[scala.collection.Seq[sbt.Attributed[java.io.File]]]("playDependencyClasspath") in Scope(Build: file:/C:/Users/Gabry147/OpenDataDashboard/, , Project: ProjectReference(file:/C:/Users/Gabry147/OpenDataDashboard/,root))),true,None)
Sending msg to client play-fork-run-25514aa8-98a0-41ef-8b5c-994c592c1826: TaskStarted(13,997,Some(AttributeKey[play.forkrun.protocol.ForkConfig]("playForkConfig") in Scope(Build: file:/C:/Users/Gabry147/OpenDataDashboard/, , Project: ProjectReference(file:/C:/Users/Gabry147/OpenDataDashboard/,root))))
Sending msg to client play-fork-run-25514aa8-98a0-41ef-8b5c-994c592c1826: TaskFinished(13,997,Some(AttributeKey[play.forkrun.protocol.ForkConfig]("playForkConfig") in Scope(Build: file:/C:/Users/Gabry147/OpenDataDashboard/, , Project: ProjectReference(file:/C:/Users/Gabry147/OpenDataDashboard/,root))),true,None)
Sending msg to client play-fork-run-25514aa8-98a0-41ef-8b5c-994c592c1826: ValueChanged(AttributeKey[play.forkrun.protocol.ForkConfig]("playForkConfig") in Scope(Build: file:/C:/Users/Gabry147/OpenDataDashboard/, , Project: ProjectReference(file:/C:/Users/Gabry147/OpenDataDashboard/,root)),TaskSuccess(BuildValue(LazyValue(ForkConfig(C:\Users\Gabry147\OpenDataDashboard,List(),List(C:\Users\Gabry147\.ivy2\cache\com.typesafe.play\twirl-api_2.11\jars\twirl-api_2.11-1.0.2.jar, C:\Users\Gabry147\.ivy2\cache\org.apache.commons\commons-lang3\jars\commons-lang3-3.1.jar, C:\Users\Gabry147\.ivy2\cache\org.scala-lang.modules\scala-xml_2.11\bundles\scala-xml_2.11-1.0.1.jar, C:\Users\Gabry147\.ivy2\cache\com.typesafe.play\play_2.11\jars\play_2.11-2.3.9.jar, C:\Users\Gabry147\.ivy2\cache\com.typesafe.play\build-link\jars\build-link-2.3.9.jar, C:\Users\Gabry147\.ivy2\cache\com.typesafe.play\play-exceptions\jars\play-exceptions-2.3.9.jar, C:\Users\Gabry147\.ivy2\cache\org.javassist\javassist\bundles\javassist-3.18.2-GA.jar, C:\Users\Gabry147\.ivy2\cache\com.typesafe.play\play-iteratees_2.11\jars\play-iteratees_2.11-2.3.9.jar, C:\Users\Gabry147\.ivy2\cache\org.scala-stm\scala-stm_2.11\jars\scala-stm_2.11-0.7.jar, C:\Users\Gabry147\.ivy2\cache\com.typesafe\config\bundles\config-1.2.1.jar, C:\Users\Gabry147\.ivy2\cache\com.typesafe.play\play-json_2.11\jars\play-json_2.11-2.3.9.jar, C:\Users\Gabry147\.ivy2\cache\com.typesafe.play\play-functional_2.11\jars\play-functional_2.11-2.3.9.jar, C:\Users\Gabry147\.ivy2\cache\com.typesafe.play\play-datacommons_2.11\jars\play-datacommons_2.11-2.3.9.jar, C:\Users\Gabry147\.ivy2\cache\joda-time\joda-time\jars\joda-time-2.3.jar, C:\Users\Gabry147\.ivy2\cache\org.joda\joda-convert\jars\joda-convert-1.6.jar, C:\Users\Gabry147\.ivy2\cache\com.fasterxml.jackson.core\jackson-annotations\bundles\jackson-annotations-2.3.2.jar, C:\Users\Gabry147\.ivy2\cache\com.fasterxml.jackson.core\jackson-core\bundles\jackson-core-2.3.2.jar, C:\Users\Gabry147\.ivy2\cache\com.fasterxml.jackson.core\jackson-databind\bundles\jackson-databind-2.3.2.jar, C:\Users\Gabry147\.ivy2\cache\org.scala-lang\scala-reflect\jars\scala-reflect-2.11.1.jar, C:\Users\Gabry147\.ivy2\cache\org.scala-lang.modules\scala-parser-combinators_2.11\bundles\scala-parser-combinators_2.11-1.0.1.jar, C:\Users\Gabry147\.ivy2\cache\io.netty\netty\bundles\netty-3.9.8.Final.jar, C:\Users\Gabry147\.ivy2\cache\com.typesafe.netty\netty-http-pipelining\jars\netty-http-pipelining-1.1.2.jar, C:\Users\Gabry147\.ivy2\cache\org.slf4j\slf4j-api\jars\slf4j-api-1.7.6.jar, C:\Users\Gabry147\.ivy2\cache\org.slf4j\jul-to-slf4j\jars\jul-to-slf4j-1.7.6.jar, C:\Users\Gabry147\.ivy2\cache\org.slf4j\jcl-over-slf4j\jars\jcl-over-slf4j-1.7.6.jar, C:\Users\Gabry147\.ivy2\cache\ch.qos.logback\logback-core\jars\logback-core-1.1.1.jar, C:\Users\Gabry147\.ivy2\cache\ch.qos.logback\logback-classic\jars\logback-classic-1.1.1.jar, C:\Users\Gabry147\.ivy2\cache\com.typesafe.akka\akka-actor_2.11\jars\akka-actor_2.11-2.3.4.jar, C:\Users\Gabry147\.ivy2\cache\com.typesafe.akka\akka-slf4j_2.11\jars\akka-slf4j_2.11-2.3.4.jar, C:\Users\Gabry147\.ivy2\cache\commons-codec\commons-codec\jars\commons-codec-1.9.jar, C:\Users\Gabry147\.ivy2\cache\xerces\xercesImpl\jars\xercesImpl-2.11.0.jar, C:\Users\Gabry147\.ivy2\cache\xml-apis\xml-apis\jars\xml-apis-1.4.01.jar, C:\Users\Gabry147\.ivy2\cache\javax.transaction\jta\jars\jta-1.1.jar, C:\Users\Gabry147\.ivy2\cache\com.typesafe.play\play-jdbc_2.11\jars\play-jdbc_2.11-2.3.9.jar, C:\Users\Gabry147\.ivy2\cache\com.jolbox\bonecp\bundles\bonecp-0.8.0.RELEASE.jar, C:\Users\Gabry147\.ivy2\cache\com.h2database\h2\jars\h2-1.3.175.jar, C:\Users\Gabry147\.ivy2\cache\tyrex\tyrex\jars\tyrex-1.0.1.jar, C:\Users\Gabry147\.ivy2\cache\com.typesafe.play\anorm_2.11\jars\anorm_2.11-2.3.9.jar, C:\Users\Gabry147\.ivy2\cache\com.jsuereth\scala-arm_2.11\jars\scala-arm_2.11-1.4.jar, C:\Users\Gabry147\.ivy2\cache\org.scala-lang.plugins\scala-continuations-library_2.11\bundles\scala-continuations-library_2.11-1.0.1.jar, C:\Users\Gabry147\.ivy2\cache\com.typesafe.play\play-cache_2.11\jars\play-cache_2.11-2.3.9.jar, C:\Users\Gabry147\.ivy2\cache\net.sf.ehcache\ehcache-core\jars\ehcache-core-2.6.8.jar, C:\Users\Gabry147\.ivy2\cache\com.typesafe.play\play-ws_2.11\jars\play-ws_2.11-2.3.9.jar, C:\Users\Gabry147\.ivy2\cache\com.google.guava\guava\bundles\guava-16.0.1.jar, C:\Users\Gabry147\.ivy2\cache\com.ning\async-http-client\jars\async-http-client-1.8.15.jar, C:\Users\Gabry147\.ivy2\cache\oauth.signpost\signpost-core\jars\signpost-core-1.2.1.2.jar, C:\Users\Gabry147\.ivy2\cache\oauth.signpost\signpost-commonshttp4\jars\signpost-commonshttp4-1.2.1.2.jar, C:\Users\Gabry147\.ivy2\cache\org.apache.httpcomponents\httpcore\jars\httpcore-4.0.1.jar, C:\Users\Gabry147\.ivy2\cache\org.apache.httpcomponents\httpclient\jars\httpclient-4.0.1.jar, C:\Users\Gabry147\.ivy2\cache\commons-logging\commons-logging\jars\commons-logging-1.1.1.jar, C:\Users\Gabry147\.ivy2\cache\org.scala-lang\scala-library\jars\scala-library-2.11.7.jar, C:\Users\Gabry147\.ivy2\cache\org.mongodb\casbah-commons_2.11\jars\casbah-commons_2.11-2.8.2.jar, C:\Users\Gabry147\.ivy2\cache\com.github.nscala-time\nscala-time_2.11\jars\nscala-time_2.11-1.0.0.jar, C:\Users\Gabry147\.ivy2\cache\org.mongodb\mongo-java-driver\jars\mongo-java-driver-2.13.2.jar, C:\Users\Gabry147\.ivy2\cache\org.mongodb\casbah-core_2.11\jars\casbah-core_2.11-2.8.2.jar, C:\Users\Gabry147\.ivy2\cache\org.mongodb\casbah-query_2.11\jars\casbah-query_2.11-2.8.2.jar, C:\Users\Gabry147\.ivy2\cache\org.mongodb\casbah-gridfs_2.11\jars\casbah-gridfs_2.11-2.8.2.jar),List((public/,C:\Users\Gabry147\OpenDataDashboard\target\web\public\main)),List(C:\Users\Gabry147\.ivy2\cache\com.typesafe.play\play-docs_2.11\jars\play-docs_2.11-2.3.9.jar, C:\Users\Gabry147\.ivy2\cache\org.scala-lang\scala-library\jars\scala-library-2.11.1.jar, C:\Users\Gabry147\.ivy2\cache\com.typesafe.play\play_2.11\jars\play_2.11-2.3.9.jar, C:\Users\Gabry147\.ivy2\cache\com.typesafe.play\build-link\jars\build-link-2.3.9.jar, C:\Users\Gabry147\.ivy2\cache\com.typesafe.play\play-exceptions\jars\play-exceptions-2.3.9.jar, C:\Users\Gabry147\.ivy2\cache\org.javassist\javassist\bundles\javassist-3.18.2-GA.jar, C:\Users\Gabry147\.ivy2\cache\com.typesafe.play\play-iteratees_2.11\jars\play-iteratees_2.11-2.3.9.jar, C:\Users\Gabry147\.ivy2\cache\org.scala-stm\scala-stm_2.11\jars\scala-stm_2.11-0.7.jar, C:\Users\Gabry147\.ivy2\cache\com.typesafe\config\bundles\config-1.2.1.jar, C:\Users\Gabry147\.ivy2\cache\com.typesafe.play\play-json_2.11\jars\play-json_2.11-2.3.9.jar, C:\Users\Gabry147\.ivy2\cache\com.typesafe.play\play-functional_2.11\jars\play-functional_2.11-2.3.9.jar, C:\Users\Gabry147\.ivy2\cache\com.typesafe.play\play-datacommons_2.11\jars\play-datacommons_2.11-2.3.9.jar, C:\Users\Gabry147\.ivy2\cache\joda-time\joda-time\jars\joda-time-2.3.jar, C:\Users\Gabry147\.ivy2\cache\org.joda\joda-convert\jars\joda-convert-1.6.jar, C:\Users\Gabry147\.ivy2\cache\com.fasterxml.jackson.core\jackson-annotations\bundles\jackson-annotations-2.3.2.jar, C:\Users\Gabry147\.ivy2\cache\com.fasterxml.jackson.core\jackson-core\bundles\jackson-core-2.3.2.jar, C:\Users\Gabry147\.ivy2\cache\com.fasterxml.jackson.core\jackson-databind\bundles\jackson-databind-2.3.2.jar, C:\Users\Gabry147\.ivy2\cache\org.scala-lang\scala-reflect\jars\scala-reflect-2.11.1.jar, C:\Users\Gabry147\.ivy2\cache\com.typesafe.play\twirl-api_2.11\jars\twirl-api_2.11-1.0.2.jar, C:\Users\Gabry147\.ivy2\cache\org.apache.commons\commons-lang3\jars\commons-lang3-3.1.jar, C:\Users\Gabry147\.ivy2\cache\org.scala-lang.modules\scala-xml_2.11\bundles\scala-xml_2.11-1.0.1.jar, C:\Users\Gabry147\.ivy2\cache\org.scala-lang.modules\scala-parser-combinators_2.11\bundles\scala-parser-combinators_2.11-1.0.1.jar, C:\Users\Gabry147\.ivy2\cache\io.netty\netty\bundles\netty-3.9.8.Final.jar, C:\Users\Gabry147\.ivy2\cache\com.typesafe.netty\netty-http-pipelining\jars\netty-http-pipelining-1.1.2.jar, C:\Users\Gabry147\.ivy2\cache\org.slf4j\slf4j-api\jars\slf4j-api-1.7.6.jar, C:\Users\Gabry147\.ivy2\cache\org.slf4j\jul-to-slf4j\jars\jul-to-slf4j-1.7.6.jar, C:\Users\Gabry147\.ivy2\cache\org.slf4j\jcl-over-slf4j\jars\jcl-over-slf4j-1.7.6.jar, C:\Users\Gabry147\.ivy2\cache\ch.qos.logback\logback-core\jars\logback-core-1.1.1.jar, C:\Users\Gabry147\.ivy2\cache\ch.qos.logback\logback-classic\jars\logback-classic-1.1.1.jar, C:\Users\Gabry147\.ivy2\cache\com.typesafe.akka\akka-actor_2.11\jars\akka-actor_2.11-2.3.4.jar, C:\Users\Gabry147\.ivy2\cache\com.typesafe.akka\akka-slf4j_2.11\jars\akka-slf4j_2.11-2.3.4.jar, C:\Users\Gabry147\.ivy2\cache\commons-codec\commons-codec\jars\commons-codec-1.9.jar, C:\Users\Gabry147\.ivy2\cache\xerces\xercesImpl\jars\xercesImpl-2.11.0.jar, C:\Users\Gabry147\.ivy2\cache\xml-apis\xml-apis\jars\xml-apis-1.4.01.jar, C:\Users\Gabry147\.ivy2\cache\javax.transaction\jta\jars\jta-1.1.jar, C:\Users\Gabry147\.ivy2\cache\com.typesafe.play\play-doc_2.11\jars\play-doc_2.11-1.1.0.jar, C:\Users\Gabry147\.ivy2\cache\org.pegdown\pegdown\jars\pegdown-1.4.0.jar, C:\Users\Gabry147\.ivy2\cache\org.parboiled\parboiled-java\bundles\parboiled-java-1.1.5.jar, C:\Users\Gabry147\.ivy2\cache\org.parboiled\parboiled-core\bundles\parboiled-core-1.1.5.jar, C:\Users\Gabry147\.ivy2\cache\org.ow2.asm\asm\jars\asm-4.1.jar, C:\Users\Gabry147\.ivy2\cache\org.ow2.asm\asm-tree\jars\asm-tree-4.1.jar, C:\Users\Gabry147\.ivy2\cache\org.ow2.asm\asm-analysis\jars\asm-analysis-4.1.jar, C:\Users\Gabry147\.ivy2\cache\org.ow2.asm\asm-util\jars\asm-util-4.1.jar, C:\Users\Gabry147\.ivy2\cache\commons-io\commons-io\jars\commons-io-2.4.jar),List(),9000,DefaultWatchService,List(C:\Users\Gabry147\OpenDataDashboard\app-2.11, C:\Users\Gabry147\OpenDataDashboard\app, C:\Users\Gabry147\OpenDataDashboard\conf, C:\Users\Gabry147\OpenDataDashboard\app\assets, C:\Users\Gabry147\OpenDataDashboard\public),C:\Users\Gabry147\OpenDataDashboard\target,500,root/playForkNotifyStart,root/playForkReload,300000),scala.pickling.PicklerUnpickler$DelegatingPicklerUnpickler@fbf657),ForkConfig(C:\Users\Gabry147\OpenDataDashboard,List(),List(C:\Users\Gabry147\.ivy2\cache\com.typesafe.play\twirl-api_2.11\jars\twirl-api_2.11-1.0.2.jar, C:\Users\Gabry147\.ivy2\cache\org.apache.commons\commons-lang3\jars\commons-lang3-3.1.jar, C:\Users\Gabry147\.ivy2\cache\org.scala-lang.modules\scala-xml_2.11\bundles\scala-xml_2.11-1.0.1.jar, C:\Users\Gabry147\.ivy2\cache\com.typesafe.play\play_2.11\jars\play_2.11-2.3.9.jar, C:\Users\Gabry147\.ivy2\cache\com.typesafe.play\build-link\jars\build-link-2.3.9.jar, C:\Users\Gabry147\.ivy2\cache\com.typesafe.play\play-exceptions\jars\play-exceptions-2.3.9.jar, C:\Users\Gabry147\.ivy2\cache\org.javassist\javassist\bundles\javassist-3.18.2-GA.jar, C:\Users\Gabry147\.ivy2\cache\com.typesafe.play\play-iteratees_2.11\jars\play-iteratees_2.11-2.3.9.jar, C:\Users\Gabry147\.ivy2\cache\org.scala-stm\scala-stm_2.11\jars\scala-stm_2.11-0.7.jar, C:\Users\Gabry147\.ivy2\cache\com.typesafe\config\bundles\config-1.2.1.jar, C:\Users\Gabry147\.ivy2\cache\com.typesafe.play\play-json_2.11\jars\play-json_2.11-2.3.9.jar, C:\Users\Gabry147\.ivy2\cache\com.typesafe.play\play-functional_2.11\jars\play-functional_2.11-2.3.9.jar, C:\Users\Gabry147\.ivy2\cache\com.typesafe.play\play-datacommons_2.11\jars\play-datacommons_2.11-2.3.9.jar, C:\Users\Gabry147\.ivy2\cache\joda-time\joda-time\jars\joda-time-2.3.jar, C:\Users\Gabry147\.ivy2\cache\org.joda\joda-convert\jars\joda-convert-1.6.jar, C:\Users\Gabry147\.ivy2\cache\com.fasterxml.jackson.core\jackson-annotations\bundles\jackson-annotations-2.3.2.jar, C:\Users\Gabry147\.ivy2\cache\com.fasterxml.jackson.core\jackson-core\bundles\jackson-core-2.3.2.jar, C:\Users\Gabry147\.ivy2\cache\com.fasterxml.jackson.core\jackson-databind\bundles\jackson-databind-2.3.2.jar, C:\Users\Gabry147\.ivy2\cache\org.scala-lang\scala-reflect\jars\scala-reflect-2.11.1.jar, C:\Users\Gabry147\.ivy2\cache\org.scala-lang.modules\scala-parser-combinators_2.11\bundles\scala-parser-combinators_2.11-1.0.1.jar, C:\Users\Gabry147\.ivy2\cache\io.netty\netty\bundles\netty-3.9.8.Final.jar, C:\Users\Gabry147\.ivy2\cache\com.typesafe.netty\netty-http-pipelining\jars\netty-http-pipelining-1.1.2.jar, C:\Users\Gabry147\.ivy2\cache\org.slf4j\slf4j-api\jars\slf4j-api-1.7.6.jar, C:\Users\Gabry147\.ivy2\cache\org.slf4j\jul-to-slf4j\jars\jul-to-slf4j-1.7.6.jar, C:\Users\Gabry147\.ivy2\cache\org.slf4j\jcl-over-slf4j\jars\jcl-over-slf4j-1.7.6.jar, C:\Users\Gabry147\.ivy2\cache\ch.qos.logback\logback-core\jars\logback-core-1.1.1.jar, C:\Users\Gabry147\.ivy2\cache\ch.qos.logback\logback-classic\jars\logback-classic-1.1.1.jar, C:\Users\Gabry147\.ivy2\cache\com.typesafe.akka\akka-actor_2.11\jars\akka-actor_2.11-2.3.4.jar, C:\Users\Gabry147\.ivy2\cache\com.typesafe.akka\akka-slf4j_2.11\jars\akka-slf4j_2.11-2.3.4.jar, C:\Users\Gabry147\.ivy2\cache\commons-codec\commons-codec\jars\commons-codec-1.9.jar, C:\Users\Gabry147\.ivy2\cache\xerces\xercesImpl\jars\xercesImpl-2.11.0.jar, C:\Users\Gabry147\.ivy2\cache\xml-apis\xml-apis\jars\xml-apis-1.4.01.jar, C:\Users\Gabry147\.ivy2\cache\javax.transaction\jta\jars\jta-1.1.jar, C:\Users\Gabry147\.ivy2\cache\com.typesafe.play\play-jdbc_2.11\jars\play-jdbc_2.11-2.3.9.jar, C:\Users\Gabry147\.ivy2\cache\com.jolbox\bonecp\bundles\bonecp-0.8.0.RELEASE.jar, C:\Users\Gabry147\.ivy2\cache\com.h2database\h2\jars\h2-1.3.175.jar, C:\Users\Gabry147\.ivy2\cache\tyrex\tyrex\jars\tyrex-1.0.1.jar, C:\Users\Gabry147\.ivy2\cache\com.typesafe.play\anorm_2.11\jars\anorm_2.11-2.3.9.jar, C:\Users\Gabry147\.ivy2\cache\com.jsuereth\scala-arm_2.11\jars\scala-arm_2.11-1.4.jar, C:\Users\Gabry147\.ivy2\cache\org.scala-lang.plugins\scala-continuations-library_2.11\bundles\scala-continuations-library_2.11-1.0.1.jar, C:\Users\Gabry147\.ivy2\cache\com.typesafe.play\play-cache_2.11\jars\play-cache_2.11-2.3.9.jar, C:\Users\Gabry147\.ivy2\cache\net.sf.ehcache\ehcache-core\jars\ehcache-core-2.6.8.jar, C:\Users\Gabry147\.ivy2\cache\com.typesafe.play\play-ws_2.11\jars\play-ws_2.11-2.3.9.jar, C:\Users\Gabry147\.ivy2\cache\com.google.guava\guava\bundles\guava-16.0.1.jar, C:\Users\Gabry147\.ivy2\cache\com.ning\async-http-client\jars\async-http-client-1.8.15.jar, C:\Users\Gabry147\.ivy2\cache\oauth.signpost\signpost-core\jars\signpost-core-1.2.1.2.jar, C:\Users\Gabry147\.ivy2\cache\oauth.signpost\signpost-commonshttp4\jars\signpost-commonshttp4-1.2.1.2.jar, C:\Users\Gabry147\.ivy2\cache\org.apache.httpcomponents\httpcore\jars\httpcore-4.0.1.jar, C:\Users\Gabry147\.ivy2\cache\org.apache.httpcomponents\httpclient\jars\httpclient-4.0.1.jar, C:\Users\Gabry147\.ivy2\cache\commons-logging\commons-logging\jars\commons-logging-1.1.1.jar, C:\Users\Gabry147\.ivy2\cache\org.scala-lang\scala-library\jars\scala-library-2.11.7.jar, C:\Users\Gabry147\.ivy2\cache\org.mongodb\casbah-commons_2.11\jars\casbah-commons_2.11-2.8.2.jar, C:\Users\Gabry147\.ivy2\cache\com.github.nscala-time\nscala-time_2.11\jars\nscala-time_2.11-1.0.0.jar, C:\Users\Gabry147\.ivy2\cache\org.mongodb\mongo-java-driver\jars\mongo-java-driver-2.13.2.jar, C:\Users\Gabry147\.ivy2\cache\org.mongodb\casbah-core_2.11\jars\casbah-core_2.11-2.8.2.jar, C:\Users\Gabry147\.ivy2\cache\org.mongodb\casbah-query_2.11\jars\casbah-query_2.11-2.8.2.jar, C:\Users\Gabry147\.ivy2\cache\org.mongodb\casbah-gridfs_2.11\jars\casbah-gridfs_2.11-2.8.2.jar),List((public/,C:\Users\Gabry147\OpenDataDashboard\target\web\public\main)),List(C:\Users\Gabry147\.ivy2\cache\com.typesafe.play\play-docs_2.11\jars\play-docs_2.11-2.3.9.jar, C:\Users\Gabry147\.ivy2\cache\org.scala-lang\scala-library\jars\scala-library-2.11.1.jar, C:\Users\Gabry147\.ivy2\cache\com.typesafe.play\play_2.11\jars\play_2.11-2.3.9.jar, C:\Users\Gabry147\.ivy2\cache\com.typesafe.play\build-link\jars\build-link-2.3.9.jar, C:\Users\Gabry147\.ivy2\cache\com.typesafe.play\play-exceptions\jars\play-exceptions-2.3.9.jar, C:\Users\Gabry147\.ivy2\cache\org.javassist\javassist\bundles\javassist-3.18.2-GA.jar, C:\Users\Gabry147\.ivy2\cache\com.typesafe.play\play-iteratees_2.11\jars\play-iteratees_2.11-2.3.9.jar, C:\Users\Gabry147\.ivy2\cache\org.scala-stm\scala-stm_2.11\jars\scala-stm_2.11-0.7.jar, C:\Users\Gabry147\.ivy2\cache\com.typesafe\config\bundles\config-1.2.1.jar, C:\Users\Gabry147\.ivy2\cache\com.typesafe.play\play-json_2.11\jars\play-json_2.11-2.3.9.jar, C:\Users\Gabry147\.ivy2\cache\com.typesafe.play\play-functional_2.11\jars\play-functional_2.11-2.3.9.jar, C:\Users\Gabry147\.ivy2\cache\com.typesafe.play\play-datacommons_2.11\jars\play-datacommons_2.11-2.3.9.jar, C:\Users\Gabry147\.ivy2\cache\joda-time\joda-time\jars\joda-time-2.3.jar, C:\Users\Gabry147\.ivy2\cache\org.joda\joda-convert\jars\joda-convert-1.6.jar, C:\Users\Gabry147\.ivy2\cache\com.fasterxml.jackson.core\jackson-annotations\bundles\jackson-annotations-2.3.2.jar, C:\Users\Gabry147\.ivy2\cache\com.fasterxml.jackson.core\jackson-core\bundles\jackson-core-2.3.2.jar, C:\Users\Gabry147\.ivy2\cache\com.fasterxml.jackson.core\jackson-databind\bundles\jackson-databind-2.3.2.jar, C:\Users\Gabry147\.ivy2\cache\org.scala-lang\scala-reflect\jars\scala-reflect-2.11.1.jar, C:\Users\Gabry147\.ivy2\cache\com.typesafe.play\twirl-api_2.11\jars\twirl-api_2.11-1.0.2.jar, C:\Users\Gabry147\.ivy2\cache\org.apache.commons\commons-lang3\jars\commons-lang3-3.1.jar, C:\Users\Gabry147\.ivy2\cache\org.scala-lang.modules\scala-xml_2.11\bundles\scala-xml_2.11-1.0.1.jar, C:\Users\Gabry147\.ivy2\cache\org.scala-lang.modules\scala-parser-combinators_2.11\bundles\scala-parser-combinators_2.11-1.0.1.jar, C:\Users\Gabry147\.ivy2\cache\io.netty\netty\bundles\netty-3.9.8.Final.jar, C:\Users\Gabry147\.ivy2\cache\com.typesafe.netty\netty-http-pipelining\jars\netty-http-pipelining-1.1.2.jar, C:\Users\Gabry147\.ivy2\cache\org.slf4j\slf4j-api\jars\slf4j-api-1.7.6.jar, C:\Users\Gabry147\.ivy2\cache\org.slf4j\jul-to-slf4j\jars\jul-to-slf4j-1.7.6.jar, C:\Users\Gabry147\.ivy2\cache\org.slf4j\jcl-over-slf4j\jars\jcl-over-slf4j-1.7.6.jar, C:\Users\Gabry147\.ivy2\cache\ch.qos.logback\logback-core\jars\logback-core-1.1.1.jar, C:\Users\Gabry147\.ivy2\cache\ch.qos.logback\logback-classic\jars\logback-classic-1.1.1.jar, C:\Users\Gabry147\.ivy2\cache\com.typesafe.akka\akka-actor_2.11\jars\akka-actor_2.11-2.3.4.jar, C:\Users\Gabry147\.ivy2\cache\com.typesafe.akka\akka-slf4j_2.11\jars\akka-slf4j_2.11-2.3.4.jar, C:\Users\Gabry147\.ivy2\cache\commons-codec\commons-codec\jars\commons-codec-1.9.jar, C:\Users\Gabry147\.ivy2\cache\xerces\xercesImpl\jars\xercesImpl-2.11.0.jar, C:\Users\Gabry147\.ivy2\cache\xml-apis\xml-apis\jars\xml-apis-1.4.01.jar, C:\Users\Gabry147\.ivy2\cache\javax.transaction\jta\jars\jta-1.1.jar, C:\Users\Gabry147\.ivy2\cache\com.typesafe.play\play-doc_2.11\jars\play-doc_2.11-1.1.0.jar, C:\Users\Gabry147\.ivy2\cache\org.pegdown\pegdown\jars\pegdown-1.4.0.jar, C:\Users\Gabry147\.ivy2\cache\org.parboiled\parboiled-java\bundles\parboiled-java-1.1.5.jar, C:\Users\Gabry147\.ivy2\cache\org.parboiled\parboiled-core\bundles\parboiled-core-1.1.5.jar, C:\Users\Gabry147\.ivy2\cache\org.ow2.asm\asm\jars\asm-4.1.jar, C:\Users\Gabry147\.ivy2\cache\org.ow2.asm\asm-tree\jars\asm-tree-4.1.jar, C:\Users\Gabry147\.ivy2\cache\org.ow2.asm\asm-analysis\jars\asm-analysis-4.1.jar, C:\Users\Gabry147\.ivy2\cache\org.ow2.asm\asm-util\jars\asm-util-4.1.jar, C:\Users\Gabry147\.ivy2\cache\commons-io\commons-io\jars\commons-io-2.4.jar),List(),9000,DefaultWatchService,List(C:\Users\Gabry147\OpenDataDashboard\app-2.11, C:\Users\Gabry147\OpenDataDashboard\app, C:\Users\Gabry147\OpenDataDashboard\conf, C:\Users\Gabry147\OpenDataDashboard\app\assets, C:\Users\Gabry147\OpenDataDashboard\public),C:\Users\Gabry147\OpenDataDashboard\target,500,root/playForkNotifyStart,root/playForkReload,300000))))
Sending msg to client play-fork-run-25514aa8-98a0-41ef-8b5c-994c592c1826: TaskStarted(13,996,None)
Sending msg to client play-fork-run-25514aa8-98a0-41ef-8b5c-994c592c1826: TaskFinished(13,996,None,true,None)
Sending msg to client play-fork-run-25514aa8-98a0-41ef-8b5c-994c592c1826: TaskStarted(13,995,None)
Sending msg to client play-fork-run-25514aa8-98a0-41ef-8b5c-994c592c1826: TaskFinished(13,995,None,true,None)
Sending msg to client play-fork-run-25514aa8-98a0-41ef-8b5c-994c592c1826: DetachedLogEvent(LogMessage(debug,cancel strategy finish enabled=false lastCommand=Some(LastCommand(CommandExecutionWork(ExecutionId(13),{file:/C:/Users/Gabry147/OpenDataDashboard/}root/*:playForkConfig,Set(LiveClient(play-fork-run 25514aa8-98a0-41ef-8b5c-994c592c1826)),sbt.server.WorkCancellationStatus$$anon$1@1de8a4)))))
Sending msg to client play-fork-run-25514aa8-98a0-41ef-8b5c-994c592c1826: DetachedLogEvent(LogSuccess(Total time: 1 s, completed 21-nov-2015 17.18.57))
Sending msg to client play-fork-run-25514aa8-98a0-41ef-8b5c-994c592c1826: DetachedLogEvent(LogMessage(debug,> server-post-command-cleanup))
Sending msg to client play-fork-run-25514aa8-98a0-41ef-8b5c-994c592c1826: ExecutionSuccess(13)
Sending msg to client play-fork-run-25514aa8-98a0-41ef-8b5c-994c592c1826: DetachedLogEvent(LogMessage(debug,> server-handle-next-server-request))
Sending msg to client play-fork-run-25514aa8-98a0-41ef-8b5c-994c592c1826: BackgroundJobLogEvent(2,LogMessage(info,))
Sending msg to client play-fork-run-25514aa8-98a0-41ef-8b5c-994c592c1826: BackgroundJobLogEvent(2,LogMessage(info,--- (Running the application, auto-reloading is enabled) ---))
Sending msg to client play-fork-run-25514aa8-98a0-41ef-8b5c-994c592c1826: BackgroundJobLogEvent(2,LogMessage(info,))
Sending msg to client play-fork-run-25514aa8-98a0-41ef-8b5c-994c592c1826: BackgroundJobLogEvent(2,LogMessage(info,play - Listening for HTTP on /0:0:0:0:0:0:0:0:9000))
Sending msg to client play-fork-run-25514aa8-98a0-41ef-8b5c-994c592c1826: BackgroundJobLogEvent(2,LogMessage(info,))
Sending msg to client play-fork-run-25514aa8-98a0-41ef-8b5c-994c592c1826: BackgroundJobLogEvent(2,LogMessage(info,(Server started, use Ctrl+D to stop and go back to the console...)))
Sending msg to client play-fork-run-25514aa8-98a0-41ef-8b5c-994c592c1826: BackgroundJobLogEvent(2,LogMessage(info,))
Got request: ExecutionRequest(root/playForkNotifyStart http://localhost:9000)
Reading next message from client.
Sending msg to client play-fork-run-25514aa8-98a0-41ef-8b5c-994c592c1826: (8,ExecutionRequestReceived(14))
Sending msg to client play-fork-run-25514aa8-98a0-41ef-8b5c-994c592c1826: ExecutionWaiting(14,root/playForkNotifyStart http://localhost:9000,ClientInfo(25514aa8-98a0-41ef-8b5c-994c592c1826,play-fork-run,Play Fork Run,1,Vector()))
Sending msg to client play-fork-run-25514aa8-98a0-41ef-8b5c-994c592c1826: ExecutionStarting(14)
Sending msg to client play-fork-run-25514aa8-98a0-41ef-8b5c-994c592c1826: DetachedLogEvent(LogMessage(debug,> root/playForkNotifyStart http://localhost:9000))
Sending msg to client play-fork-run-25514aa8-98a0-41ef-8b5c-994c592c1826: DetachedLogEvent(LogMessage(debug,Evaluating tasks: *:playForkNotifyStart))
Sending msg to client play-fork-run-25514aa8-98a0-41ef-8b5c-994c592c1826: DetachedLogEvent(LogMessage(debug,Running task... Cancel: sbt.server.ServerTaskCancellation@8af338, check cycles: false))
Sending msg to client play-fork-run-25514aa8-98a0-41ef-8b5c-994c592c1826: DetachedLogEvent(LogMessage(debug,cancel strategy start enabled=true lastCommand=Some(LastCommand(CommandExecutionWork(ExecutionId(14),root/playForkNotifyStart http://localhost:9000,Set(LiveClient(play-fork-run 25514aa8-98a0-41ef-8b5c-994c592c1826)),sbt.server.WorkCancellationStatus$$anon$1@171bdc6)))))
Sending msg to client play-fork-run-25514aa8-98a0-41ef-8b5c-994c592c1826: TaskStarted(14,1071,Some(AttributeKey[sbt.SendEventService]("sendEventService") in Scope(Global)))
Sending msg to client play-fork-run-25514aa8-98a0-41ef-8b5c-994c592c1826: TaskFinished(14,1071,Some(AttributeKey[sbt.SendEventService]("sendEventService") in Scope(Global)),true,None)
Sending msg to client play-fork-run-25514aa8-98a0-41ef-8b5c-994c592c1826: TaskStarted(14,1070,Some(AttributeKey[scala.Function1[java.lang.String,void]]("playForkStarted") in Scope(Build: file:/C:/Users/Gabry147/OpenDataDashboard/, , Project: ProjectReference(file:/C:/Users/Gabry147/OpenDataDashboard/,root))))
Sending msg to client play-fork-run-25514aa8-98a0-41ef-8b5c-994c592c1826: TaskFinished(14,1070,Some(AttributeKey[scala.Function1[java.lang.String,void]]("playForkStarted") in Scope(Build: file:/C:/Users/Gabry147/OpenDataDashboard/, , Project: ProjectReference(file:/C:/Users/Gabry147/OpenDataDashboard/,root))),true,None)
Sending msg to client play-fork-run-25514aa8-98a0-41ef-8b5c-994c592c1826: TaskStarted(14,1069,Some(AttributeKey[void]("playForkNotifyStart") in Scope(Build: file:/C:/Users/Gabry147/OpenDataDashboard/, , Project: ProjectReference(file:/C:/Users/Gabry147/OpenDataDashboard/,root))))
Sending msg to client play-fork-run-25514aa8-98a0-41ef-8b5c-994c592c1826: TaskEvent(1069,LazyValue(PlayServerStarted(http://localhost:9000),play.forkrun.protocol.Serializers$PlayForkrunProtocolPlayServerStartedPickler1$2$@1d1eb0))
Sending msg to client play-fork-run-25514aa8-98a0-41ef-8b5c-994c592c1826: TaskFinished(14,1069,Some(AttributeKey[void]("playForkNotifyStart") in Scope(Build: file:/C:/Users/Gabry147/OpenDataDashboard/, , Project: ProjectReference(file:/C:/Users/Gabry147/OpenDataDashboard/,root))),true,None)
Sending msg to client play-fork-run-25514aa8-98a0-41ef-8b5c-994c592c1826: TaskStarted(14,1068,None)
Sending msg to client play-fork-run-25514aa8-98a0-41ef-8b5c-994c592c1826: TaskFinished(14,1068,None,true,None)
Sending msg to client play-fork-run-25514aa8-98a0-41ef-8b5c-994c592c1826: TaskStarted(14,1067,None)
Sending msg to client play-fork-run-25514aa8-98a0-41ef-8b5c-994c592c1826: TaskFinished(14,1067,None,true,None)
Sending msg to client play-fork-run-25514aa8-98a0-41ef-8b5c-994c592c1826: DetachedLogEvent(LogMessage(debug,cancel strategy finish enabled=false lastCommand=Some(LastCommand(CommandExecutionWork(ExecutionId(14),root/playForkNotifyStart http://localhost:9000,Set(LiveClient(play-fork-run 25514aa8-98a0-41ef-8b5c-994c592c1826)),sbt.server.WorkCancellationStatus$$anon$1@171bdc6)))))
Sending msg to client play-fork-run-25514aa8-98a0-41ef-8b5c-994c592c1826: DetachedLogEvent(LogSuccess(Total time: 0 s, completed 21-nov-2015 17.18.58))
Sending msg to client play-fork-run-25514aa8-98a0-41ef-8b5c-994c592c1826: DetachedLogEvent(LogMessage(debug,> server-post-command-cleanup))
Sending msg to client play-fork-run-25514aa8-98a0-41ef-8b5c-994c592c1826: ExecutionSuccess(14)
Sending msg to client play-fork-run-25514aa8-98a0-41ef-8b5c-994c592c1826: DetachedLogEvent(LogMessage(debug,> server-handle-next-server-request))
Sending msg to client play-fork-run-25514aa8-98a0-41ef-8b5c-994c592c1826: ExecutionWaiting(15,jobStop 2,ClientInfo(08aca8ca-a9c5-4b0c-97df-c9789aee6622,activator,Activator,3,Vector()))
Sending msg to client play-fork-run-25514aa8-98a0-41ef-8b5c-994c592c1826: ExecutionStarting(15)
Sending msg to client play-fork-run-25514aa8-98a0-41ef-8b5c-994c592c1826: DetachedLogEvent(LogMessage(debug,> jobStop 2))
Sending msg to client play-fork-run-25514aa8-98a0-41ef-8b5c-994c592c1826: DetachedLogEvent(LogMessage(debug,Evaluating tasks: *:jobStop))
Sending msg to client play-fork-run-25514aa8-98a0-41ef-8b5c-994c592c1826: DetachedLogEvent(LogMessage(debug,Running task... Cancel: sbt.server.ServerTaskCancellation@1ec1baf, check cycles: false))
Sending msg to client play-fork-run-25514aa8-98a0-41ef-8b5c-994c592c1826: DetachedLogEvent(LogMessage(debug,cancel strategy start enabled=true lastCommand=Some(LastCommand(CommandExecutionWork(ExecutionId(15),jobStop 2,Set(LiveClient(activator 08aca8ca-a9c5-4b0c-97df-c9789aee6622)),sbt.server.WorkCancellationStatus$$anon$1@58d29a)))))
Sending msg to client play-fork-run-25514aa8-98a0-41ef-8b5c-994c592c1826: TaskStarted(15,1074,Some(AttributeKey[void]("jobStop") in Scope(Global)))
Sending msg to client play-fork-run-25514aa8-98a0-41ef-8b5c-994c592c1826: TaskFinished(15,1074,Some(AttributeKey[void]("jobStop") in Scope(Global)),true,None)
Sending msg to client play-fork-run-25514aa8-98a0-41ef-8b5c-994c592c1826: TaskStarted(15,1073,None)
Sending msg to client play-fork-run-25514aa8-98a0-41ef-8b5c-994c592c1826: BackgroundJobLogEvent(2,LogMessage(info,Stopping Play fork run ...))
Sending msg to client play-fork-run-25514aa8-98a0-41ef-8b5c-994c592c1826: TaskFinished(15,1073,None,true,None)
Sending msg to client play-fork-run-25514aa8-98a0-41ef-8b5c-994c592c1826: TaskStarted(15,1072,None)
Sending msg to client play-fork-run-25514aa8-98a0-41ef-8b5c-994c592c1826: TaskFinished(15,1072,None,true,None)
Sending msg to client play-fork-run-25514aa8-98a0-41ef-8b5c-994c592c1826: DetachedLogEvent(LogMessage(debug,cancel strategy finish enabled=false lastCommand=Some(LastCommand(CommandExecutionWork(ExecutionId(15),jobStop 2,Set(LiveClient(activator 08aca8ca-a9c5-4b0c-97df-c9789aee6622)),sbt.server.WorkCancellationStatus$$anon$1@58d29a)))))
Sending msg to client play-fork-run-25514aa8-98a0-41ef-8b5c-994c592c1826: DetachedLogEvent(LogSuccess(Total time: 0 s, completed 21-nov-2015 17.38.30))
Sending msg to client play-fork-run-25514aa8-98a0-41ef-8b5c-994c592c1826: DetachedLogEvent(LogMessage(debug,> server-post-command-cleanup))
Sending msg to client play-fork-run-25514aa8-98a0-41ef-8b5c-994c592c1826: ExecutionSuccess(15)
Sending msg to client play-fork-run-25514aa8-98a0-41ef-8b5c-994c592c1826: DetachedLogEvent(LogMessage(debug,> server-handle-next-server-request))
Got request: UnlistenToEvents()
Reading next message from client.
Sending msg to client play-fork-run-25514aa8-98a0-41ef-8b5c-994c592c1826: (9,ReceivedResponse())
Got request: UnlistenToValue(AttributeKey[play.forkrun.protocol.ForkConfig]("playForkConfig") in Scope(Build: file:/C:/Users/Gabry147/OpenDataDashboard/, , Project: ProjectReference(file:/C:/Users/Gabry147/OpenDataDashboard/,root)))
Reading next message from client.
Client play-fork-run-25514aa8-98a0-41ef-8b5c-994c592c1826 EOF, shutting down.
Stopping client.
Client play-fork-run-25514aa8-98a0-41ef-8b5c-994c592c1826 thread exiting.
Dropping message (10,ReceivedResponse()) to dead client play-fork-run-25514aa8-98a0-41ef-8b5c-994c592c1826
Dropping message (0,ReceivedResponse()) to dead client play-fork-run-25514aa8-98a0-41ef-8b5c-994c592c1826
